<?xml version="1.0" encoding="UTF-8"?>
<testng-results skipped="0" failed="0" total="1" passed="1">
  <reporter-output>
  </reporter-output>
  <suite name="Suite" duration-ms="12016" started-at="2017-11-19T03:55:39Z" finished-at="2017-11-19T03:55:51Z">
    <groups>
    </groups>
    <test name="Test" duration-ms="12016" started-at="2017-11-19T03:55:39Z" finished-at="2017-11-19T03:55:51Z">
      <class name="com.google.MainSearch">
        <test-method status="PASS" signature="selectFromSearchList()[pri:0, instance:com.google.MainSearch@97e1986]" name="selectFromSearchList" duration-ms="12001" started-at="2017-11-18T19:55:39Z" finished-at="2017-11-18T19:55:51Z">
          <reporter-output>
          </reporter-output>
        </test-method> <!-- selectFromSearchList -->
      </class> <!-- com.google.MainSearch -->
    </test> <!-- Test -->
  </suite> <!-- Suite -->
</testng-results>
